2024-11-23 21:57:09 [main] INFO  com.example.springbootcrudwithsplunkintegration.SpringBootCrudWithSplunkIntegrationApplication - Starting SpringBootCrudWithSplunkIntegrationApplication v0.0.1-SNAPSHOT using Java 17.0.2 with PID 1 (/myapp.jar started by root in /)
2024-11-23 21:57:09 [main] DEBUG com.example.springbootcrudwithsplunkintegration.SpringBootCrudWithSplunkIntegrationApplication - Running with Spring Boot v3.0.2, Spring v6.0.4
2024-11-23 21:57:09 [main] INFO  com.example.springbootcrudwithsplunkintegration.SpringBootCrudWithSplunkIntegrationApplication - The following 1 profile is active: "docker"
2024-11-23 21:57:11 [main] INFO  org.springframework.boot.web.embedded.tomcat.TomcatWebServer - Tomcat initialized with port(s): 9000 (http)
2024-11-23 21:57:11 [main] INFO  org.apache.coyote.http11.Http11NioProtocol - Initializing ProtocolHandler ["http-nio-9000"]
2024-11-23 21:57:11 [main] INFO  org.apache.catalina.core.StandardService - Starting service [Tomcat]
2024-11-23 21:57:11 [main] INFO  org.apache.catalina.core.StandardEngine - Starting Servlet engine: [Apache Tomcat/10.1.5]
2024-11-23 21:57:11 [main] INFO  org.apache.catalina.core.ContainerBase.[Tomcat].[localhost].[/] - Initializing Spring embedded WebApplicationContext
2024-11-23 21:57:11 [main] INFO  org.springframework.boot.web.servlet.context.ServletWebServerApplicationContext - Root WebApplicationContext: initialization completed in 2286 ms
2024-11-23 21:57:12 [main] INFO  org.apache.coyote.http11.Http11NioProtocol - Starting ProtocolHandler ["http-nio-9000"]
2024-11-23 21:57:12 [main] INFO  org.springframework.boot.web.embedded.tomcat.TomcatWebServer - Tomcat started on port(s): 9000 (http) with context path ''
2024-11-23 21:57:12 [main] INFO  com.example.springbootcrudwithsplunkintegration.SpringBootCrudWithSplunkIntegrationApplication - Started SpringBootCrudWithSplunkIntegrationApplication in 4.402 seconds (process running for 7.55)
2024-11-23 21:59:34 [main] INFO  com.example.springbootcrudwithsplunkintegration.SpringBootCrudWithSplunkIntegrationApplication - Starting SpringBootCrudWithSplunkIntegrationApplication v0.0.1-SNAPSHOT using Java 17.0.2 with PID 1 (/myapp.jar started by root in /)
2024-11-23 21:59:34 [main] DEBUG com.example.springbootcrudwithsplunkintegration.SpringBootCrudWithSplunkIntegrationApplication - Running with Spring Boot v3.0.2, Spring v6.0.4
2024-11-23 21:59:34 [main] INFO  com.example.springbootcrudwithsplunkintegration.SpringBootCrudWithSplunkIntegrationApplication - The following 1 profile is active: "docker"
2024-11-23 21:59:35 [main] INFO  org.springframework.boot.web.embedded.tomcat.TomcatWebServer - Tomcat initialized with port(s): 9000 (http)
2024-11-23 21:59:35 [main] INFO  org.apache.coyote.http11.Http11NioProtocol - Initializing ProtocolHandler ["http-nio-9000"]
2024-11-23 21:59:35 [main] INFO  org.apache.catalina.core.StandardService - Starting service [Tomcat]
2024-11-23 21:59:35 [main] INFO  org.apache.catalina.core.StandardEngine - Starting Servlet engine: [Apache Tomcat/10.1.5]
2024-11-23 21:59:35 [main] INFO  org.apache.catalina.core.ContainerBase.[Tomcat].[localhost].[/] - Initializing Spring embedded WebApplicationContext
2024-11-23 21:59:35 [main] INFO  org.springframework.boot.web.servlet.context.ServletWebServerApplicationContext - Root WebApplicationContext: initialization completed in 1707 ms
2024-11-23 21:59:36 [main] INFO  org.apache.coyote.http11.Http11NioProtocol - Starting ProtocolHandler ["http-nio-9000"]
2024-11-23 21:59:36 [main] INFO  org.springframework.boot.web.embedded.tomcat.TomcatWebServer - Tomcat started on port(s): 9000 (http) with context path ''
2024-11-23 21:59:36 [main] INFO  com.example.springbootcrudwithsplunkintegration.SpringBootCrudWithSplunkIntegrationApplication - Started SpringBootCrudWithSplunkIntegrationApplication in 3.681 seconds (process running for 5.972)
2024-11-23 21:59:44 [http-nio-9000-exec-2] INFO  org.apache.catalina.core.ContainerBase.[Tomcat].[localhost].[/] - Initializing Spring DispatcherServlet 'dispatcherServlet'
2024-11-23 21:59:44 [http-nio-9000-exec-2] INFO  org.springframework.web.servlet.DispatcherServlet - Initializing Servlet 'dispatcherServlet'
2024-11-23 21:59:44 [http-nio-9000-exec-2] INFO  org.springframework.web.servlet.DispatcherServlet - Completed initialization in 1 ms
2024-11-23 21:59:44 [http-nio-9000-exec-2] INFO  com.example.springbootcrudwithsplunkintegration.controller.ProductController - test api
2024-11-23 22:00:05 [http-nio-9000-exec-3] INFO  com.example.springbootcrudwithsplunkintegration.controller.ProductController - test api
2024-11-23 22:02:22 [http-nio-9000-exec-5] INFO  com.example.springbootcrudwithsplunkintegration.controller.ProductController - test api
2024-11-23 22:02:25 [http-nio-9000-exec-7] INFO  com.example.springbootcrudwithsplunkintegration.controller.ProductController - test api
2024-11-23 22:06:31 [http-nio-9000-exec-9] INFO  com.example.springbootcrudwithsplunkintegration.controller.ProductController - test api
2024-11-23 22:23:55 [http-nio-9000-exec-3] INFO  com.example.springbootcrudwithsplunkintegration.controller.ProductController - test api
2024-11-23 22:26:18 [http-nio-9000-exec-5] INFO  com.example.springbootcrudwithsplunkintegration.controller.ProductController - test api
t1
t22024-11-23 22:49:19 [http-nio-9000-exec-10] INFO  com.example.springbootcrudwithsplunkintegration.controller.ProductController - test api
2024-11-23 22:49:44 [http-nio-9000-exec-9] INFO  com.example.springbootcrudwithsplunkintegration.controller.ProductController - test api
2024-11-23 22:55:52 [http-nio-9000-exec-3] INFO  com.example.springbootcrudwithsplunkintegration.controller.ProductController - test api
